<?xml version="1.0" encoding="UTF-8"?>
<!-- Generated by org.testng.reporters.JUnitReportReporter -->
<testsuite name="automationExcercise.Excercise" tests="1" time="13.298" ignored="0" failures="0" timestamp="09 ago 2017 18:16:46 GMT" skipped="0" hostname="GGOYA" errors="0">
  <testcase name="SearchAndOpenSeleniumhqPage" time="13.298" classname="automationExcercise.Excercise"/>
</testsuite> <!-- automationExcercise.Excercise -->
